This is XeTeX, Version 3.141592653-2.6-0.999993 (TeX Live 2021) (preloaded format=xelatex 2021.10.15)  9 MAR 2023 00:36
entering extended mode
 restricted \write18 enabled.
 file:line:error style messages enabled.
 %&-line parsing enabled.
**tmp
(./tmp.tex
LaTeX2e <2021-06-01> patch level 1
L3 programming layer <2021-10-12> (/usr/local/texlive/2021/texmf-dist/tex/latex/base/article.cls
Document Class: article 2021/02/12 v1.4n Standard LaTeX document class
(/usr/local/texlive/2021/texmf-dist/tex/latex/base/size12.clo
File: size12.clo 2021/02/12 v1.4n Standard LaTeX file (size option)
)
\c@part=\count178
\c@section=\count179
\c@subsection=\count180
\c@subsubsection=\count181
\c@paragraph=\count182
\c@subparagraph=\count183
\c@figure=\count184
\c@table=\count185
\abovecaptionskip=\skip47
\belowcaptionskip=\skip48
\bibindent=\dimen138
) (/usr/local/texlive/2021/texmf-dist/tex/latex/ctex/ctex.sty (/usr/local/texlive/2021/texmf-dist/tex/latex/l3kernel/expl3.sty
Package: expl3 2021-10-12 L3 programming layer (loader) 
 (/usr/local/texlive/2021/texmf-dist/tex/latex/l3backend/l3backend-xetex.def
File: l3backend-xetex.def 2021-10-12 L3 backend support: XeTeX
 (|extractbb --version)
\c__kernel_sys_dvipdfmx_version_int=\count186
\l__color_backend_stack_int=\count187
\g__color_backend_stack_int=\count188
\g__graphics_track_int=\count189
\l__pdf_internal_box=\box50
\g__pdf_backend_object_int=\count190
\g__pdf_backend_annotation_int=\count191
\g__pdf_backend_link_int=\count192
))
Package: ctex 2021/06/20 v2.5.7 Chinese adapter in LaTeX (CTEX)
 (/usr/local/texlive/2021/texmf-dist/tex/latex/l3packages/xparse/xparse.sty
Package: xparse 2021-08-27 L3 Experimental document command parser
) (/usr/local/texlive/2021/texmf-dist/tex/latex/l3packages/l3keys2e/l3keys2e.sty
Package: l3keys2e 2021-08-27 LaTeX2e option processing using LaTeX3 keys
) (/usr/local/texlive/2021/texmf-dist/tex/latex/ctex/ctexhook.sty
Package: ctexhook 2021/06/20 v2.5.7 Document and package hooks (CTEX)
) (/usr/local/texlive/2021/texmf-dist/tex/latex/ctex/ctexpatch.sty
Package: ctexpatch 2021/06/20 v2.5.7 Patching commands (CTEX)
) (/usr/local/texlive/2021/texmf-dist/tex/latex/base/fix-cm.sty
Package: fix-cm 2020/11/24 v1.1t fixes to LaTeX
 (/usr/local/texlive/2021/texmf-dist/tex/latex/base/ts1enc.def
File: ts1enc.def 2001/06/05 v3.0e (jk/car/fm) Standard LaTeX file
LaTeX Font Info:    Redeclaring font encoding TS1 on input line 47.
))
\l__ctex_tmp_int=\count193
\l__ctex_tmp_box=\box51
\l__ctex_tmp_dim=\dimen139
\g__ctex_section_depth_int=\count194
\g__ctex_font_size_int=\count195
 (/usr/local/texlive/2021/texmf-dist/tex/latex/ctex/config/ctexopts.cfg
File: ctexopts.cfg 2021/06/20 v2.5.7 Option configuration file (CTEX)
) (/usr/local/texlive/2021/texmf-dist/tex/latex/ctex/engine/ctex-engine-xetex.def
File: ctex-engine-xetex.def 2021/06/20 v2.5.7 XeLaTeX adapter (CTEX)
 (/usr/local/texlive/2021/texmf-dist/tex/xelatex/xecjk/xeCJK.sty
Package: xeCJK 2021/06/20 v3.8.7 Typesetting CJK scripts with XeLaTeX
 (/usr/local/texlive/2021/texmf-dist/tex/latex/l3packages/xtemplate/xtemplate.sty
Package: xtemplate 2021-08-27 L3 Experimental prototype document functions
\l__xtemplate_tmp_dim=\dimen140
\l__xtemplate_tmp_int=\count196
\l__xtemplate_tmp_muskip=\muskip16
\l__xtemplate_tmp_skip=\skip49
)
\l__xeCJK_tmp_int=\count197
\l__xeCJK_tmp_box=\box52
\l__xeCJK_tmp_dim=\dimen141
\l__xeCJK_tmp_skip=\skip50
\g__xeCJK_space_factor_int=\count198
\l__xeCJK_begin_int=\count199
\l__xeCJK_end_int=\count266
\c__xeCJK_CJK_class_int=\XeTeXcharclass1
\c__xeCJK_FullLeft_class_int=\XeTeXcharclass2
\c__xeCJK_FullRight_class_int=\XeTeXcharclass3
\c__xeCJK_HalfLeft_class_int=\XeTeXcharclass4
\c__xeCJK_HalfRight_class_int=\XeTeXcharclass5
\c__xeCJK_NormalSpace_class_int=\XeTeXcharclass6
\c__xeCJK_CM_class_int=\XeTeXcharclass7
\c__xeCJK_HangulJamo_class_int=\XeTeXcharclass8
\l__xeCJK_last_skip=\skip51
\g__xeCJK_node_int=\count267
\c__xeCJK_CJK_node_dim=\dimen142
\c__xeCJK_CJK-space_node_dim=\dimen143
\c__xeCJK_default_node_dim=\dimen144
\c__xeCJK_default-space_node_dim=\dimen145
\c__xeCJK_CJK-widow_node_dim=\dimen146
\c__xeCJK_normalspace_node_dim=\dimen147
\l__xeCJK_ccglue_skip=\skip52
\l__xeCJK_ecglue_skip=\skip53
\l__xeCJK_punct_kern_skip=\skip54
\l__xeCJK_last_penalty_int=\count268
\l__xeCJK_last_bound_dim=\dimen148
\l__xeCJK_last_kern_dim=\dimen149
\l__xeCJK_widow_penalty_int=\count269

Package xtemplate Info: Declaring object type 'xeCJK/punctuation' taking 0
(xtemplate)             argument(s) on line 2335.

\l__xeCJK_fixed_punct_width_dim=\dimen150
\l__xeCJK_mixed_punct_width_dim=\dimen151
\l__xeCJK_middle_punct_width_dim=\dimen152
\l__xeCJK_fixed_margin_width_dim=\dimen153
\l__xeCJK_mixed_margin_width_dim=\dimen154
\l__xeCJK_middle_margin_width_dim=\dimen155
\l__xeCJK_bound_punct_width_dim=\dimen156
\l__xeCJK_bound_margin_width_dim=\dimen157
\l__xeCJK_margin_minimum_dim=\dimen158
\l__xeCJK_kerning_total_width_dim=\dimen159
\l__xeCJK_same_align_margin_dim=\dimen160
\l__xeCJK_different_align_margin_dim=\dimen161
\l__xeCJK_kerning_margin_width_dim=\dimen162
\l__xeCJK_kerning_margin_minimum_dim=\dimen163
\l__xeCJK_bound_dim=\dimen164
\l__xeCJK_reverse_bound_dim=\dimen165
\l__xeCJK_margin_dim=\dimen166
\l__xeCJK_minimum_bound_dim=\dimen167
\l__xeCJK_kerning_margin_dim=\dimen168
\g__xeCJK_family_int=\count270
\l__xeCJK_fam_int=\count271
\g__xeCJK_fam_allocation_int=\count272
\l__xeCJK_verb_case_int=\count273
\l__xeCJK_verb_exspace_skip=\skip55
 (/usr/local/texlive/2021/texmf-dist/tex/latex/fontspec/fontspec.sty
Package: fontspec 2020/02/21 v2.7i Font selection for XeLaTeX and LuaLaTeX
 (/usr/local/texlive/2021/texmf-dist/tex/latex/fontspec/fontspec-xetex.sty
Package: fontspec-xetex 2020/02/21 v2.7i Font selection for XeLaTeX and LuaLaTeX
\l__fontspec_script_int=\count274
\l__fontspec_language_int=\count275
\l__fontspec_strnum_int=\count276
\l__fontspec_tmp_int=\count277
\l__fontspec_tmpa_int=\count278
\l__fontspec_tmpb_int=\count279
\l__fontspec_tmpc_int=\count280
\l__fontspec_em_int=\count281
\l__fontspec_emdef_int=\count282
\l__fontspec_strong_int=\count283
\l__fontspec_strongdef_int=\count284
\l__fontspec_tmpa_dim=\dimen169
\l__fontspec_tmpb_dim=\dimen170
\l__fontspec_tmpc_dim=\dimen171
 (/usr/local/texlive/2021/texmf-dist/tex/latex/base/fontenc.sty
Package: fontenc 2021/04/29 v2.0v Standard LaTeX package
) (/usr/local/texlive/2021/texmf-dist/tex/latex/fontspec/fontspec.cfg))) (/usr/local/texlive/2021/texmf-dist/tex/xelatex/xecjk/xeCJK.cfg
File: xeCJK.cfg 2021/06/20 v3.8.7 Configuration file for xeCJK package
))
\ccwd=\dimen172
\l__ctex_ccglue_skip=\skip56
)
\l__ctex_ziju_dim=\dimen173
 (/usr/local/texlive/2021/texmf-dist/tex/latex/zhnumber/zhnumber.sty
Package: zhnumber 2020/05/01 v2.8 Typesetting numbers with Chinese glyphs
\l__zhnum_scale_int=\count285
 (/usr/local/texlive/2021/texmf-dist/tex/latex/zhnumber/zhnumber-utf8.cfg
File: zhnumber-utf8.cfg 2020/05/01 v2.8 Chinese numerals with UTF8 encoding
)) (/usr/local/texlive/2021/texmf-dist/tex/latex/ctex/scheme/ctex-scheme-chinese.def
File: ctex-scheme-chinese.def 2021/06/20 v2.5.7 Chinese scheme for generic (CTEX)
 (/usr/local/texlive/2021/texmf-dist/tex/latex/ctex/config/ctex-name-utf8.cfg
File: ctex-name-utf8.cfg 2021/06/20 v2.5.7 Caption with encoding UTF-8 (CTEX)
)) (/usr/local/texlive/2021/texmf-dist/tex/latex/tools/indentfirst.sty
Package: indentfirst 1995/11/23 v1.03 Indent first paragraph (DPC)
) (/usr/local/texlive/2021/texmf-dist/tex/latex/ctex/fontset/ctex-fontset-windows.def
File: ctex-fontset-windows.def 2021/06/20 v2.5.7 Windows fonts definition (CTEX)


/usr/local/texlive/2021/texmf-dist/tex/latex/ctex/fontset/ctex-fontset-windows.def:101: Package fontspec Error: The font "SimSun" cannot be found.

For immediate help type H <return>.
 ...                                              
                                                  
l.101   }
         

A font might not be found for many reasons.
 Check the spelling, where the font is installed etc. etc.

 When in doubt, ask someone for help!



Package fontspec Warning: Font "SimSun" does not contain requested Script
(fontspec)                "CJK".


Package fontspec Info: Could not resolve font "KaiTi/B" (it probably doesn't
(fontspec)             exist).


Package fontspec Info: Could not resolve font "SimHei/I" (it probably doesn't
(fontspec)             exist).


Package fontspec Info: Could not resolve font "SimSun/BI" (it probably doesn't
(fontspec)             exist).


/usr/local/texlive/2021/texmf-dist/tex/latex/ctex/fontset/ctex-fontset-windows.def:101: Package fontspec Error: The font "SimSun" cannot be found.

For immediate help type H <return>.
 ...                                              
                                                  
l.101   }
         

A font might not be found for many reasons.
 Check the spelling, where the font is installed etc. etc.

 When in doubt, ask someone for help!



/usr/local/texlive/2021/texmf-dist/tex/latex/ctex/fontset/ctex-fontset-windows.def:101: Package fontspec Error: The font "SimSun" cannot be found.

For immediate help type H <return>.
 ...                                              
                                                  
l.101   }
         

A font might not be found for many reasons.
 Check the spelling, where the font is installed etc. etc.

 When in doubt, ask someone for help!



Package fontspec Info: Font family 'SimSun(0)' created for font 'SimSun' with
(fontspec)             options
(fontspec)             [Script={CJK},BoldFont={SimHei},ItalicFont={KaiTi}].
(fontspec)              
(fontspec)              This font family consists of the following NFSS
(fontspec)             series/shapes:
(fontspec)              
(fontspec)             - 'normal' (m/n) with NFSS spec.: <->"SimSun/OT"
(fontspec)             - 'small caps'  (m/sc) with NFSS spec.: <->"SimSun/OT"
(fontspec)             - 'bold' (b/n) with NFSS spec.: <->"SimHei/OT"
(fontspec)             - 'bold small caps'  (b/sc) with NFSS spec.:
(fontspec)             <->"SimHei/OT"
(fontspec)             - 'italic' (m/it) with NFSS spec.: <->"KaiTi/OT"
(fontspec)             - 'italic small caps'  (m/scit) with NFSS spec.:
(fontspec)             <->"KaiTi/OT"

)) (/usr/local/texlive/2021/texmf-dist/tex/latex/ctex/config/ctex.cfg
File: ctex.cfg 2021/06/20 v2.5.7 Configuration file (CTEX)
) (/usr/local/texlive/2021/texmf-dist/tex/latex/pythontex/pythontex.sty
Package: pythontex 2021/06/06 v0.18 execute and typeset Python code and other languages
 (/usr/local/texlive/2021/texmf-dist/tex/latex/fvextra/fvextra.sty
Package: fvextra 2019/02/04 v1.4 fvextra - extensions and patches for fancyvrb
 (/usr/local/texlive/2021/texmf-dist/tex/latex/base/ifthen.sty
Package: ifthen 2020/11/24 v1.1c Standard LaTeX ifthen package (DPC)
) (/usr/local/texlive/2021/texmf-dist/tex/latex/etoolbox/etoolbox.sty
Package: etoolbox 2020/10/05 v2.5k e-TeX tools for LaTeX (JAW)
\etb@tempcnta=\count286
) (/usr/local/texlive/2021/texmf-dist/tex/latex/fancyvrb/fancyvrb.sty
Package: fancyvrb 2021/08/12 v3.8 verbatim text (tvz,hv)
 (/usr/local/texlive/2021/texmf-dist/tex/latex/graphics/keyval.sty
Package: keyval 2014/10/28 v1.15 key=value parser (DPC)
\KV@toks@=\toks16
)
\FV@CodeLineNo=\count287
\FV@InFile=\read2
\FV@TabBox=\box53
\c@FancyVerbLine=\count288
\FV@StepNumber=\count289
\FV@OutFile=\write3
) (/usr/local/texlive/2021/texmf-dist/tex/latex/upquote/upquote.sty
Package: upquote 2012/04/19 v1.3 upright-quote and grave-accent glyphs in verbatim
 (/usr/local/texlive/2021/texmf-dist/tex/latex/base/textcomp.sty
Package: textcomp 2020/02/02 v2.0n Standard LaTeX package
)) (/usr/local/texlive/2021/texmf-dist/tex/latex/lineno/lineno.sty
Package: lineno 2005/11/02 line numbers on paragraphs v4.41
Invalid UTF-8 byte or sequence at line 296 replaced by U+FFFD.
\linenopenalty=\count290
\output=\toks17
\linenoprevgraf=\count291
\linenumbersep=\dimen174
\linenumberwidth=\dimen175
\c@linenumber=\count292
\c@pagewiselinenumber=\count293
\c@LN@truepage=\count294
\c@internallinenumber=\count295
\c@internallinenumbers=\count296
\quotelinenumbersep=\dimen176
\bframerule=\dimen177
\bframesep=\dimen178
\bframebox=\box54
LaTeX Info: Redefining \\ on input line 3056.
)
\c@FV@TrueTabGroupLevel=\count297
\c@FV@TrueTabCounter=\count298
\FV@TabBox@Group=\box55
\FV@TmpLength=\skip57
\c@FV@HighlightLinesStart=\count299
\c@FV@HighlightLinesStop=\count300
\FV@LoopCount=\count301
\FV@NCharsBox=\box56
\FV@BreakIndent=\dimen179
\FV@BreakIndentNChars=\count302
\FV@BreakSymbolSepLeft=\dimen180
\FV@BreakSymbolSepLeftNChars=\count303
\FV@BreakSymbolSepRight=\dimen181
\FV@BreakSymbolSepRightNChars=\count304
\FV@BreakSymbolIndentLeft=\dimen182
\FV@BreakSymbolIndentLeftNChars=\count305
\FV@BreakSymbolIndentRight=\dimen183
\FV@BreakSymbolIndentRightNChars=\count306
\c@FancyVerbLineBreakLast=\count307
\FV@LineBox=\box57
\FV@LineIndentBox=\box58
\FV@LineWidth=\dimen184
) (/usr/local/texlive/2021/texmf-dist/tex/generic/xstring/xstring.sty (/usr/local/texlive/2021/texmf-dist/tex/generic/xstring/xstring.tex
\integerpart=\count308
\decimalpart=\count309
)
Package: xstring 2021/07/21 v1.84 String manipulations (CT)
) (/usr/local/texlive/2021/texmf-dist/tex/latex/pgfopts/pgfopts.sty
Package: pgfopts 2014/07/10 v2.1a LaTeX package options with pgfkeys
 (/usr/local/texlive/2021/texmf-dist/tex/latex/pgf/utilities/pgfkeys.sty (/usr/local/texlive/2021/texmf-dist/tex/generic/pgf/utilities/pgfkeys.code.tex
\pgfkeys@pathtoks=\toks18
\pgfkeys@temptoks=\toks19
 (/usr/local/texlive/2021/texmf-dist/tex/generic/pgf/utilities/pgfkeysfiltered.code.tex
\pgfkeys@tmptoks=\toks20
)))
\pgfopts@list@add@a@toks=\toks21
\pgfopts@list@add@b@toks=\toks22
) (/usr/local/texlive/2021/texmf-dist/tex/latex/newfloat/newfloat.sty
Package: newfloat 2019/09/02 v1.1l Defining new floating environments (AR)
) (/usr/local/texlive/2021/texmf-dist/tex/latex/currfile/currfile.sty
Package: currfile 2020/09/29 v0.7d Provides the file path elements of the current input file
 (/usr/local/texlive/2021/texmf-dist/tex/latex/kvoptions/kvoptions.sty
Package: kvoptions 2020-10-07 v3.14 Key value format for package options (HO)
 (/usr/local/texlive/2021/texmf-dist/tex/generic/ltxcmds/ltxcmds.sty
Package: ltxcmds 2020-05-10 v1.25 LaTeX kernel commands for general use (HO)
) (/usr/local/texlive/2021/texmf-dist/tex/generic/kvsetkeys/kvsetkeys.sty
Package: kvsetkeys 2019/12/15 v1.18 Key value parser (HO)
)) (/usr/local/texlive/2021/texmf-dist/tex/latex/filehook/filehook.sty
Package: filehook 2020/09/29 v0.8a Hooks for input files
 (/usr/local/texlive/2021/texmf-dist/tex/latex/filehook/filehook-2020.sty
Package: filehook-2020 2020/09/29 v0.8a Hooks for input files
))
\c@currfiledepth=\count310
)
\pytx@codefile=\write4
\openout4 = `tmp.pytxcode'.

\c@pytx@FancyVerbLineTemp=\count311
\c@pytx@py@default@default=\count312
\c@pytx@pycon@default@default=\count313
\c@pytx@sympy@default@default=\count314
\c@pytx@sympycon@default@default=\count315
\c@pytx@pylab@default@default=\count316
\c@pytx@pylabcon@default@default=\count317
) (/usr/local/texlive/2021/texmf-dist/tex/latex/graphics/graphicx.sty
Package: graphicx 2020/12/05 v1.2c Enhanced LaTeX Graphics (DPC,SPQR)
 (/usr/local/texlive/2021/texmf-dist/tex/latex/graphics/graphics.sty
Package: graphics 2021/03/04 v1.4d Standard LaTeX Graphics (DPC,SPQR)
 (/usr/local/texlive/2021/texmf-dist/tex/latex/graphics/trig.sty
Package: trig 2016/01/03 v1.10 sin cos tan (DPC)
) (/usr/local/texlive/2021/texmf-dist/tex/latex/graphics-cfg/graphics.cfg
File: graphics.cfg 2016/06/04 v1.11 sample graphics configuration
)
Package graphics Info: Driver file: xetex.def on input line 107.
 (/usr/local/texlive/2021/texmf-dist/tex/latex/graphics-def/xetex.def
File: xetex.def 2021/03/18 v5.0k Graphics/color driver for xetex
))
\Gin@req@height=\dimen185
\Gin@req@width=\dimen186
) (/usr/local/texlive/2021/texmf-dist/tex/latex/float/float.sty
Package: float 2001/11/08 v1.3d Float enhancements (AL)
\c@float@type=\count318
\float@exts=\toks23
\float@box=\box59
\@float@everytoks=\toks24
\@floatcapt=\box60
)
\c@pytx@py@default@default@line=\count319
 (/usr/local/texlive/2021/texmf-dist/tex/latex/xcolor/xcolor.sty
Package: xcolor 2016/05/11 v2.12 LaTeX color extensions (UK)
 (/usr/local/texlive/2021/texmf-dist/tex/latex/graphics-cfg/color.cfg
File: color.cfg 2016/01/02 v1.6 sample color configuration
)
Package xcolor Info: Driver file: xetex.def on input line 225.
Package xcolor Info: Model `cmy' substituted by `cmy0' on input line 1348.
Package xcolor Info: Model `RGB' extended on input line 1364.
Package xcolor Info: Model `HTML' substituted by `rgb' on input line 1366.
Package xcolor Info: Model `Hsb' substituted by `hsb' on input line 1367.
Package xcolor Info: Model `tHsb' substituted by `hsb' on input line 1368.
Package xcolor Info: Model `HSB' substituted by `hsb' on input line 1369.
Package xcolor Info: Model `Gray' substituted by `gray' on input line 1370.
Package xcolor Info: Model `wave' substituted by `hsb' on input line 1371.
)

LaTeX Warning: Unused global option(s):
    [fontset].

(./tmp.aux)
\openout1 = `tmp.aux'.

LaTeX Font Info:    Checking defaults for OML/cmm/m/it on input line 31.
LaTeX Font Info:    ... okay on input line 31.
LaTeX Font Info:    Checking defaults for OMS/cmsy/m/n on input line 31.
LaTeX Font Info:    ... okay on input line 31.
LaTeX Font Info:    Checking defaults for OT1/cmr/m/n on input line 31.
LaTeX Font Info:    ... okay on input line 31.
LaTeX Font Info:    Checking defaults for T1/cmr/m/n on input line 31.
LaTeX Font Info:    ... okay on input line 31.
LaTeX Font Info:    Checking defaults for TS1/cmr/m/n on input line 31.
LaTeX Font Info:    ... okay on input line 31.
LaTeX Font Info:    Checking defaults for TU/lmr/m/n on input line 31.
LaTeX Font Info:    ... okay on input line 31.
LaTeX Font Info:    Checking defaults for OMX/cmex/m/n on input line 31.
LaTeX Font Info:    ... okay on input line 31.
LaTeX Font Info:    Checking defaults for U/cmr/m/n on input line 31.
LaTeX Font Info:    ... okay on input line 31.

Package fontspec Info: Adjusting the maths setup (use [no-math] to avoid
(fontspec)             this).

\symlegacymaths=\mathgroup4
LaTeX Font Info:    Overwriting symbol font `legacymaths' in version `bold'
(Font)                  OT1/cmr/m/n --> OT1/cmr/bx/n on input line 31.
LaTeX Font Info:    Redeclaring math accent \acute on input line 31.
LaTeX Font Info:    Redeclaring math accent \grave on input line 31.
LaTeX Font Info:    Redeclaring math accent \ddot on input line 31.
LaTeX Font Info:    Redeclaring math accent \tilde on input line 31.
LaTeX Font Info:    Redeclaring math accent \bar on input line 31.
LaTeX Font Info:    Redeclaring math accent \breve on input line 31.
LaTeX Font Info:    Redeclaring math accent \check on input line 31.
LaTeX Font Info:    Redeclaring math accent \hat on input line 31.
LaTeX Font Info:    Redeclaring math accent \dot on input line 31.
LaTeX Font Info:    Redeclaring math accent \mathring on input line 31.
LaTeX Font Info:    Redeclaring math symbol \colon on input line 31.
LaTeX Font Info:    Redeclaring math symbol \Gamma on input line 31.
LaTeX Font Info:    Redeclaring math symbol \Delta on input line 31.
LaTeX Font Info:    Redeclaring math symbol \Theta on input line 31.
LaTeX Font Info:    Redeclaring math symbol \Lambda on input line 31.
LaTeX Font Info:    Redeclaring math symbol \Xi on input line 31.
LaTeX Font Info:    Redeclaring math symbol \Pi on input line 31.
LaTeX Font Info:    Redeclaring math symbol \Sigma on input line 31.
LaTeX Font Info:    Redeclaring math symbol \Upsilon on input line 31.
LaTeX Font Info:    Redeclaring math symbol \Phi on input line 31.
LaTeX Font Info:    Redeclaring math symbol \Psi on input line 31.
LaTeX Font Info:    Redeclaring math symbol \Omega on input line 31.
LaTeX Font Info:    Redeclaring math symbol \mathdollar on input line 31.
LaTeX Font Info:    Redeclaring symbol font `operators' on input line 31.
LaTeX Font Info:    Encoding `OT1' has changed to `TU' for symbol font
(Font)              `operators' in the math version `normal' on input line 31.
LaTeX Font Info:    Overwriting symbol font `operators' in version `normal'
(Font)                  OT1/cmr/m/n --> TU/lmr/m/n on input line 31.
LaTeX Font Info:    Encoding `OT1' has changed to `TU' for symbol font
(Font)              `operators' in the math version `bold' on input line 31.
LaTeX Font Info:    Overwriting symbol font `operators' in version `bold'
(Font)                  OT1/cmr/bx/n --> TU/lmr/m/n on input line 31.
LaTeX Font Info:    Overwriting symbol font `operators' in version `normal'
(Font)                  TU/lmr/m/n --> TU/lmr/m/n on input line 31.
LaTeX Font Info:    Overwriting math alphabet `\mathit' in version `normal'
(Font)                  OT1/cmr/m/it --> TU/lmr/m/it on input line 31.
LaTeX Font Info:    Overwriting math alphabet `\mathbf' in version `normal'
(Font)                  OT1/cmr/bx/n --> TU/lmr/b/n on input line 31.
LaTeX Font Info:    Overwriting math alphabet `\mathsf' in version `normal'
(Font)                  OT1/cmss/m/n --> TU/lmss/m/n on input line 31.
LaTeX Font Info:    Overwriting math alphabet `\mathtt' in version `normal'
(Font)                  OT1/cmtt/m/n --> TU/lmtt/m/n on input line 31.
LaTeX Font Info:    Overwriting symbol font `operators' in version `bold'
(Font)                  TU/lmr/m/n --> TU/lmr/b/n on input line 31.
LaTeX Font Info:    Overwriting math alphabet `\mathit' in version `bold'
(Font)                  OT1/cmr/bx/it --> TU/lmr/b/it on input line 31.
LaTeX Font Info:    Overwriting math alphabet `\mathsf' in version `bold'
(Font)                  OT1/cmss/bx/n --> TU/lmss/b/n on input line 31.
LaTeX Font Info:    Overwriting math alphabet `\mathtt' in version `bold'
(Font)                  OT1/cmtt/m/n --> TU/lmtt/b/n on input line 31.
Package newfloat Info: `float' package detected.
 (./pythontex-files-tmp/tmp.pytxmcr)
Package newfloat Info: New float `listing' with options `fileext=lopytx' on input line 31.
\c@listing=\count320
Package newfloat Info: float type `listing'=4 on input line 31.
 (./pythontex-files-tmp/tmp.pytxpyg)
./tmp.tex:32: Font TU/SimSun(0)/m/n/20.74=SimSun/OT at 20.74pt not loadable: Metric (TFM) file or installed font not found.
<to be read again> 
                   relax 
l.32 \maketitle
               
I wasn't able to read the size data for this font,
so I will ignore the font specification.
[Wizards can fix TFM files using TFtoPL/PLtoTF.]
You might try inserting a different font spec;
e.g., type `I\font<same font id>=<substitute font name>'.

Missing character: There is no 学 (U+5B66) in font [lmroman17-regular]:mapping=tex-text;!
Missing character: There is no 习 (U+4E60) in font [lmroman17-regular]:mapping=tex-text;!
LaTeX Font Info:    External font `cmex10' loaded for size
(Font)              <14.4> on input line 32.
LaTeX Font Info:    External font `cmex10' loaded for size
(Font)              <7> on input line 32.
./tmp.tex:32: Font TU/SimSun(0)/m/n/14.4=SimSun/OT at 14.4pt not loadable: Metric (TFM) file or installed font not found.
<to be read again> 
                   relax 
l.32 \maketitle
               
I wasn't able to read the size data for this font,
so I will ignore the font specification.
[Wizards can fix TFM files using TFtoPL/PLtoTF.]
You might try inserting a different font spec;
e.g., type `I\font<same font id>=<substitute font name>'.

Missing character: There is no 年 (U+5E74) in font [lmroman12-regular]:mapping=tex-text;!
Missing character: There is no 月 (U+6708) in font [lmroman12-regular]:mapping=tex-text;!
Missing character: There is no 日 (U+65E5) in font [lmroman12-regular]:mapping=tex-text;!
./tmp.tex:34: Font TU/SimSun(0)/m/n/12=SimSun/OT at 12.0pt not loadable: Metric (TFM) file or installed font not found.
<to be read again> 
                   relax 
l.34   有
        了pythontex之后我们就可以在LaTeX中较为方便的使用python了，
I wasn't able to read the size data for this font,
so I will ignore the font specification.
[Wizards can fix TFM files using TFtoPL/PLtoTF.]
You might try inserting a different font spec;
e.g., type `I\font<same font id>=<substitute font name>'.

Missing character: There is no 有 (U+6709) in font [lmroman12-regular]:mapping=tex-text;!
Missing character: There is no 了 (U+4E86) in font [lmroman12-regular]:mapping=tex-text;!
Missing character: There is no 之 (U+4E4B) in font [lmroman12-regular]:mapping=tex-text;!
Missing character: There is no 后 (U+540E) in font [lmroman12-regular]:mapping=tex-text;!
Missing character: There is no 我 (U+6211) in font [lmroman12-regular]:mapping=tex-text;!
Missing character: There is no 们 (U+4EEC) in font [lmroman12-regular]:mapping=tex-text;!
Missing character: There is no 就 (U+5C31) in font [lmroman12-regular]:mapping=tex-text;!
Missing character: There is no 可 (U+53EF) in font [lmroman12-regular]:mapping=tex-text;!
Missing character: There is no 以 (U+4EE5) in font [lmroman12-regular]:mapping=tex-text;!
Missing character: There is no 在 (U+5728) in font [lmroman12-regular]:mapping=tex-text;!
Missing character: There is no 中 (U+4E2D) in font [lmroman12-regular]:mapping=tex-text;!
Missing character: There is no 较 (U+8F83) in font [lmroman12-regular]:mapping=tex-text;!
Missing character: There is no 为 (U+4E3A) in font [lmroman12-regular]:mapping=tex-text;!
Missing character: There is no 方 (U+65B9) in font [lmroman12-regular]:mapping=tex-text;!
Missing character: There is no 便 (U+4FBF) in font [lmroman12-regular]:mapping=tex-text;!
Missing character: There is no 的 (U+7684) in font [lmroman12-regular]:mapping=tex-text;!
Missing character: There is no 使 (U+4F7F) in font [lmroman12-regular]:mapping=tex-text;!
Missing character: There is no 用 (U+7528) in font [lmroman12-regular]:mapping=tex-text;!
Missing character: There is no 了 (U+4E86) in font [lmroman12-regular]:mapping=tex-text;!
Missing character: There is no ， (U+FF0C) in font [lmroman12-regular]:mapping=tex-text;!
Missing character: There is no 而 (U+800C) in font [lmroman12-regular]:mapping=tex-text;!
Missing character: There is no 没 (U+6CA1) in font [lmroman12-regular]:mapping=tex-text;!
Missing character: There is no 必 (U+5FC5) in font [lmroman12-regular]:mapping=tex-text;!
Missing character: There is no 要 (U+8981) in font [lmroman12-regular]:mapping=tex-text;!
Missing character: There is no 使 (U+4F7F) in font [lmroman12-regular]:mapping=tex-text;!
Missing character: There is no 用 (U+7528) in font [lmroman12-regular]:mapping=tex-text;!
Missing character: There is no 库 (U+5E93) in font [lmroman12-regular]:mapping=tex-text;!
Missing character: There is no 来 (U+6765) in font [lmroman12-regular]:mapping=tex-text;!
Missing character: There is no 处 (U+5904) in font [lmroman12-regular]:mapping=tex-text;!
Missing character: There is no 理 (U+7406) in font [lmroman12-regular]:mapping=tex-text;!
Missing character: There is no 了 (U+4E86) in font [lmroman12-regular]:mapping=tex-text;!
Missing character: There is no 。 (U+3002) in font [lmroman12-regular]:mapping=tex-text;!
(./pythontex-files-tmp/py_default_default_1.stdout
Missing character: There is no 这 (U+8FD9) in font [lmroman12-regular]:mapping=tex-text;!
Missing character: There is no 是 (U+662F) in font [lmroman12-regular]:mapping=tex-text;!
Missing character: There is no 一 (U+4E00) in font [lmroman12-regular]:mapping=tex-text;!
Missing character: There is no 段 (U+6BB5) in font [lmroman12-regular]:mapping=tex-text;!
Missing character: There is no 中 (U+4E2D) in font [lmroman12-regular]:mapping=tex-text;!
Missing character: There is no 文 (U+6587) in font [lmroman12-regular]:mapping=tex-text;!
)
Missing character: There is no 测 (U+6D4B) in font [lmroman12-regular]:mapping=tex-text;!
Missing character: There is no 试 (U+8BD5) in font [lmroman12-regular]:mapping=tex-text;!
Missing character: There is no 命 (U+547D) in font [lmroman12-regular]:mapping=tex-text;!
Missing character: There is no 令 (U+4EE4) in font [lmroman12-regular]:mapping=tex-text;!
 [1

] (./pythontex-files-tmp/py_default_default_4.stdout
Missing character: There is no 这 (U+8FD9) in font [lmroman12-regular]:mapping=tex-text;!
Missing character: There is no 是 (U+662F) in font [lmroman12-regular]:mapping=tex-text;!
Missing character: There is no 第 (U+7B2C) in font [lmroman12-regular]:mapping=tex-text;!
Missing character: There is no 句 (U+53E5) in font [lmroman12-regular]:mapping=tex-text;!
Missing character: There is no 话 (U+8BDD) in font [lmroman12-regular]:mapping=tex-text;!
Missing character: There is no 这 (U+8FD9) in font [lmroman12-regular]:mapping=tex-text;!
Missing character: There is no 是 (U+662F) in font [lmroman12-regular]:mapping=tex-text;!
Missing character: There is no 第 (U+7B2C) in font [lmroman12-regular]:mapping=tex-text;!
Missing character: There is no 句 (U+53E5) in font [lmroman12-regular]:mapping=tex-text;!
Missing character: There is no 话 (U+8BDD) in font [lmroman12-regular]:mapping=tex-text;!
Missing character: There is no 这 (U+8FD9) in font [lmroman12-regular]:mapping=tex-text;!
Missing character: There is no 是 (U+662F) in font [lmroman12-regular]:mapping=tex-text;!
Missing character: There is no 第 (U+7B2C) in font [lmroman12-regular]:mapping=tex-text;!
Missing character: There is no 句 (U+53E5) in font [lmroman12-regular]:mapping=tex-text;!
Missing character: There is no 话 (U+8BDD) in font [lmroman12-regular]:mapping=tex-text;!
Missing character: There is no 这 (U+8FD9) in font [lmroman12-regular]:mapping=tex-text;!
Missing character: There is no 是 (U+662F) in font [lmroman12-regular]:mapping=tex-text;!
Missing character: There is no 第 (U+7B2C) in font [lmroman12-regular]:mapping=tex-text;!
Missing character: There is no 句 (U+53E5) in font [lmroman12-regular]:mapping=tex-text;!
Missing character: There is no 话 (U+8BDD) in font [lmroman12-regular]:mapping=tex-text;!
Missing character: There is no 这 (U+8FD9) in font [lmroman12-regular]:mapping=tex-text;!
Missing character: There is no 是 (U+662F) in font [lmroman12-regular]:mapping=tex-text;!
Missing character: There is no 第 (U+7B2C) in font [lmroman12-regular]:mapping=tex-text;!
Missing character: There is no 句 (U+53E5) in font [lmroman12-regular]:mapping=tex-text;!
Missing character: There is no 话 (U+8BDD) in font [lmroman12-regular]:mapping=tex-text;!
Missing character: There is no 这 (U+8FD9) in font [lmroman12-regular]:mapping=tex-text;!
Missing character: There is no 是 (U+662F) in font [lmroman12-regular]:mapping=tex-text;!
Missing character: There is no 第 (U+7B2C) in font [lmroman12-regular]:mapping=tex-text;!
Missing character: There is no 句 (U+53E5) in font [lmroman12-regular]:mapping=tex-text;!
Missing character: There is no 话 (U+8BDD) in font [lmroman12-regular]:mapping=tex-text;!
Missing character: There is no 这 (U+8FD9) in font [lmroman12-regular]:mapping=tex-text;!
Missing character: There is no 是 (U+662F) in font [lmroman12-regular]:mapping=tex-text;!
Missing character: There is no 第 (U+7B2C) in font [lmroman12-regular]:mapping=tex-text;!
Missing character: There is no 句 (U+53E5) in font [lmroman12-regular]:mapping=tex-text;!
Missing character: There is no 话 (U+8BDD) in font [lmroman12-regular]:mapping=tex-text;!
Missing character: There is no 这 (U+8FD9) in font [lmroman12-regular]:mapping=tex-text;!
Missing character: There is no 是 (U+662F) in font [lmroman12-regular]:mapping=tex-text;!
Missing character: There is no 第 (U+7B2C) in font [lmroman12-regular]:mapping=tex-text;!
Missing character: There is no 句 (U+53E5) in font [lmroman12-regular]:mapping=tex-text;!
Missing character: There is no 话 (U+8BDD) in font [lmroman12-regular]:mapping=tex-text;!
Missing character: There is no 这 (U+8FD9) in font [lmroman12-regular]:mapping=tex-text;!
Missing character: There is no 是 (U+662F) in font [lmroman12-regular]:mapping=tex-text;!
Missing character: There is no 第 (U+7B2C) in font [lmroman12-regular]:mapping=tex-text;!
Missing character: There is no 句 (U+53E5) in font [lmroman12-regular]:mapping=tex-text;!
Missing character: There is no 话 (U+8BDD) in font [lmroman12-regular]:mapping=tex-text;!
)
File: Tran.pdf Graphic file (type pdf)
<use Tran.pdf>
Missing character: There is no 图 (U+56FE) in font [lmroman12-regular]:mapping=tex-text;!
Missing character: There is no 三 (U+4E09) in font [lmroman12-regular]:mapping=tex-text;!
Missing character: There is no 角 (U+89D2) in font [lmroman12-regular]:mapping=tex-text;!
Missing character: There is no 函 (U+51FD) in font [lmroman12-regular]:mapping=tex-text;!
Missing character: There is no 数 (U+6570) in font [lmroman12-regular]:mapping=tex-text;!
Missing character: There is no 图 (U+56FE) in font [lmroman12-regular]:mapping=tex-text;!
Missing character: There is no 像 (U+50CF) in font [lmroman12-regular]:mapping=tex-text;!
 [2] (./tmp.aux)

LaTeX Warning: Label(s) may have changed. Rerun to get cross-references right.

 ) 
Here is how much of TeX's memory you used:
 10557 strings out of 476493
 259176 string characters out of 5817124
 627052 words of memory out of 5000000
 30839 multiletter control sequences out of 15000+600000
 406113 words of font info for 48 fonts, out of 8000000 for 9000
 1348 hyphenation exceptions out of 8191
 90i,7n,97p,360b,274s stack positions out of 5000i,500n,10000p,200000b,80000s

Output written on tmp.pdf (2 pages).
